<?xml version="1.0" encoding="UTF-8"?>
<!-- Generated by org.testng.reporters.JUnitReportReporter -->
<testsuite hostname="DESKTOP-CIGSSOF" failures="0" tests="1" name="TestCases.PageTransactionTest" time="50.508" errors="0" timestamp="2024-10-16T18:17:06 EET" skipped="0">
  <testcase classname="TestCases.PageTransactionTest" name="isPagesTransactionWork" time="50.508"/>
</testsuite> <!-- TestCases.PageTransactionTest -->
